Arguments: 
  C:\Program Files\nodejs\node.exe C:\Users\samma\AppData\Roaming\npm\node_modules\yarn\bin\yarn.js add serialport:7.1.5

PATH: 
  C:\Program Files\cmder\vendor\bin;C:\Program Files\cmder\vendor\git-for-windows\cmd;C:\Program Files\cmder\vendor\conemu-maximus5\ConEmu\Scripts;C:\Program Files\cmder\vendor\conemu-maximus5;C:\Program Files\cmder\vendor\conemu-maximus5\ConEmu;C:\Program Files\jdk-13.0.2\bin\java.exe;C:\Program Files (x86)\Common Files\Intel\Shared Libraries\redist\intel64\compiler;C:\Program Files (x86)\Intel\Intel(R) Management Engine Components\iCLS\;C:\Program Files\Intel\Intel(R) Management Engine Components\iCLS\;C:\WINDOWS\system32;C:\WINDOWS;C:\WINDOWS\System32\Wbem;C:\WINDOWS\System32\WindowsPowerShell\v1.0\;C:\WINDOWS\System32\OpenSSH\;C:\Program Files (x86)\Intel\Intel(R) Management Engine Components\DAL;C:\Program Files\Intel\Intel(R) Management Engine Components\DAL;C:\Program Files\dotnet\;C:\Program Files\Microsoft SQL Server\130\Tools\Binn\;C:\Program Files\Symfony;C:\Program Files\nodejs\;C:\laragon\bin\php\php-7.4.13-nts-Win32-vc15-x64;C:\ProgramData\ComposerSetup\bin;C:\Program Files\Git\cmd;C:\Program Files\Microsoft SQL Server\Client SDK\ODBC\130\Tools\Binn\;C:\Program Files (x86)\Microsoft SQL Server\140\Tools\Binn\;C:\Program Files\Microsoft SQL Server\140\Tools\Binn\;C:\Program Files\Microsoft SQL Server\140\DTS\Binn\;C:\Program Files (x86)\Microsoft SQL Server\140\DTS\Binn\;C:\Program Files (x86)\Microsoft SQL Server\150\DTS\Binn\;C:\Program Files (x86)\Microsoft SQL Server\110\DTS\Binn\;C:\Program Files (x86)\Microsoft SQL Server\120\DTS\Binn\;C:\Program Files (x86)\Microsoft SQL Server\130\DTS\Binn\;C:\Program Files\Java\jdk1.8.0_211-20201021T160907Z-001\jdk1.8.0_211\bin;C:\laragon\bin;C:\laragon\bin\apache\httpd-2.4.41-win32-VC14\bin;C:\laragon\bin\composer;C:\laragon\bin\git\bin;C:\laragon\bin\git\cmd;C:\laragon\bin\git\mingw64\bin;C:\laragon\bin\git\usr\bin;C:\laragon\bin\laragon\utils;C:\laragon\bin\mysql\mysql-5.7.24-winx64\bin;C:\laragon\bin\nginx\nginx-1.16.0;C:\laragon\bin\ngrok;C:\laragon\bin\nodejs\node-v12;C:\laragon\bin\notepad++;C:\laragon\bin\php\php-7.4.13-nts-Win32-vc15-x64;C:\laragon\bin\putty;C:\laragon\bin\redis\redis-x64-3.2.100;C:\laragon\bin\telnet;C:\laragon\usr\bin;C:\Users\samma\AppData\Local\Yarn\config\global\node_modules\.bin;C:\Users\samma\AppData\Roaming\Composer\vendor\bin;C:\Users\samma\AppData\Roaming\npm;C:\Users\samma\AppData\Local\Microsoft\WindowsApps;C:\Users\samma\AppData\Local\Programs\Microsoft VS Code\bin;C:\Program Files\cmder\vendor\git-for-windows\mingw64\bin;C:\Program Files\cmder\vendor\git-for-windows\usr\bin;C:\Program Files\cmder

Yarn version: 
  1.22.10

Node version: 
  10.16.3

Platform: 
  win32 x64

Trace: 
  Error: serialport:7.1.5: Invalid protocol: serialport:
      at Request.module.exports.Request.init (C:\Users\samma\AppData\Roaming\npm\node_modules\yarn\lib\cli.js:140931:31)
      at new Request (C:\Users\samma\AppData\Roaming\npm\node_modules\yarn\lib\cli.js:140604:8)
      at request (C:\Users\samma\AppData\Roaming\npm\node_modules\yarn\lib\cli.js:136804:10)
      at RequestManager.execute (C:\Users\samma\AppData\Roaming\npm\node_modules\yarn\lib\cli.js:67040:15)
      at RequestManager.shiftQueue (C:\Users\samma\AppData\Roaming\npm\node_modules\yarn\lib\cli.js:67078:10)
      at C:\Users\samma\AppData\Roaming\npm\node_modules\yarn\lib\cli.js:66747:13
      at new Promise (<anonymous>)
      at new F (C:\Users\samma\AppData\Roaming\npm\node_modules\yarn\lib\cli.js:5301:28)
      at RequestManager.request (C:\Users\samma\AppData\Roaming\npm\node_modules\yarn\lib\cli.js:66745:19)
      at NpmRegistry.<anonymous> (C:\Users\samma\AppData\Roaming\npm\node_modules\yarn\lib\cli.js:31704:42)

npm manifest: 
  No manifest

yarn manifest: 
  No manifest

Lockfile: 
  No lockfile
